[2023-12-04 16:57:25] local.ERROR: Database connection [sqlites] not configured. {"exception":"[object] (InvalidArgumentException(code: 0): Database connection [sqlites] not configured. at /Users/saiharshinigarapati/Desktop/laravel-react-starter-main/vendor/laravel/framework/src/Illuminate/Database/DatabaseManager.php:166)
[stacktrace]
#0 /Users/saiharshinigarapati/Desktop/laravel-react-starter-main/vendor/laravel/framework/src/Illuminate/Database/DatabaseManager.php(129): Illuminate\\Database\\DatabaseManager->configuration('sqlites')
#1 /Users/saiharshinigarapati/Desktop/laravel-react-starter-main/vendor/laravel/framework/src/Illuminate/Database/DatabaseManager.php(100): Illuminate\\Database\\DatabaseManager->makeConnection('sqlites')
#2 /Users/saiharshinigarapati/Desktop/laravel-react-starter-main/vendor/laravel/framework/src/Illuminate/Database/Migrations/DatabaseMigrationRepository.php(211): Illuminate\\Database\\DatabaseManager->connection('sqlites')
#3 /Users/saiharshinigarapati/Desktop/laravel-react-starter-main/vendor/laravel/framework/src/Illuminate/Database/Migrations/DatabaseMigrationRepository.php(167): Illuminate\\Database\\Migrations\\DatabaseMigrationRepository->getConnection()
#4 /Users/saiharshinigarapati/Desktop/laravel-react-starter-main/vendor/laravel/framework/src/Illuminate/Database/Migrations/Migrator.php(682): Illuminate\\Database\\Migrations\\DatabaseMigrationRepository->repositoryExists()
#5 /Users/saiharshinigarapati/Desktop/laravel-react-starter-main/vendor/laravel/framework/src/Illuminate/Database/Console/Migrations/MigrateCommand.php(138): Illuminate\\Database\\Migrations\\Migrator->repositoryExists()
#6 /Users/saiharshinigarapati/Desktop/laravel-react-starter-main/vendor/laravel/framework/src/Illuminate/Support/helpers.php(247): Illuminate\\Database\\Console\\Migrations\\MigrateCommand->Illuminate\\Database\\Console\\Migrations\\{closure}(1)
#7 /Users/saiharshinigarapati/Desktop/laravel-react-starter-main/vendor/laravel/framework/src/Illuminate/Database/Console/Migrations/MigrateCommand.php(138): retry(1, Object(Closure), 0, Object(Closure))
#8 /Users/saiharshinigarapati/Desktop/laravel-react-starter-main/vendor/laravel/framework/src/Illuminate/Database/Console/Migrations/MigrateCommand.php(114): Illuminate\\Database\\Console\\Migrations\\MigrateCommand->repositoryExists()
#9 /Users/saiharshinigarapati/Desktop/laravel-react-starter-main/vendor/laravel/framework/src/Illuminate/Database/Console/Migrations/MigrateCommand.php(82): Illuminate\\Database\\Console\\Migrations\\MigrateCommand->prepareDatabase()
#10 /Users/saiharshinigarapati/Desktop/laravel-react-starter-main/vendor/laravel/framework/src/Illuminate/Database/Migrations/Migrator.php(615): Illuminate\\Database\\Console\\Migrations\\MigrateCommand->Illuminate\\Database\\Console\\Migrations\\{closure}()
#11 /Users/saiharshinigarapati/Desktop/laravel-react-starter-main/vendor/laravel/framework/src/Illuminate/Database/Console/Migrations/MigrateCommand.php(81): Illuminate\\Database\\Migrations\\Migrator->usingConnection(NULL, Object(Closure))
#12 /Users/saiharshinigarapati/Desktop/laravel-react-starter-main/vendor/laravel/framework/src/Illuminate/Container/BoundMethod.php(36): Illuminate\\Database\\Console\\Migrations\\MigrateCommand->handle()
#13 /Users/saiharshinigarapati/Desktop/laravel-react-starter-main/vendor/laravel/framework/src/Illuminate/Container/Util.php(41): Illuminate\\Container\\BoundMethod::Illuminate\\Container\\{closure}()
#14 /Users/saiharshinigarapati/Desktop/laravel-react-starter-main/vendor/laravel/framework/src/Illuminate/Container/BoundMethod.php(93): Illuminate\\Container\\Util::unwrapIfClosure(Object(Closure))
#15 /Users/saiharshinigarapati/Desktop/laravel-react-starter-main/vendor/laravel/framework/src/Illuminate/Container/BoundMethod.php(35): Illuminate\\Container\\BoundMethod::callBoundMethod(Object(Illuminate\\Foundation\\Application), Array, Object(Closure))
#16 /Users/saiharshinigarapati/Desktop/laravel-react-starter-main/vendor/laravel/framework/src/Illuminate/Container/Container.php(651): Illuminate\\Container\\BoundMethod::call(Object(Illuminate\\Foundation\\Application), Array, Array, NULL)
#17 /Users/saiharshinigarapati/Desktop/laravel-react-starter-main/vendor/laravel/framework/src/Illuminate/Console/Command.php(182): Illuminate\\Container\\Container->call(Array)
#18 /Users/saiharshinigarapati/Desktop/laravel-react-starter-main/vendor/symfony/console/Command/Command.php(312): Illuminate\\Console\\Command->execute(Object(Symfony\\Component\\Console\\Input\\ArgvInput), Object(Illuminate\\Console\\OutputStyle))
#19 /Users/saiharshinigarapati/Desktop/laravel-react-starter-main/vendor/laravel/framework/src/Illuminate/Console/Command.php(151): Symfony\\Component\\Console\\Command\\Command->run(Object(Symfony\\Component\\Console\\Input\\ArgvInput), Object(Illuminate\\Console\\OutputStyle))
#20 /Users/saiharshinigarapati/Desktop/laravel-react-starter-main/vendor/symfony/console/Application.php(1020): Illuminate\\Console\\Command->run(Object(Symfony\\Component\\Console\\Input\\ArgvInput), Object(Symfony\\Component\\Console\\Output\\ConsoleOutput))
#21 /Users/saiharshinigarapati/Desktop/laravel-react-starter-main/vendor/symfony/console/Application.php(312): Symfony\\Component\\Console\\Application->doRunCommand(Object(Illuminate\\Database\\Console\\Migrations\\MigrateCommand), Object(Symfony\\Component\\Console\\Input\\ArgvInput), Object(Symfony\\Component\\Console\\Output\\ConsoleOutput))
#22 /Users/saiharshinigarapati/Desktop/laravel-react-starter-main/vendor/symfony/console/Application.php(168): Symfony\\Component\\Console\\Application->doRun(Object(Symfony\\Component\\Console\\Input\\ArgvInput), Object(Symfony\\Component\\Console\\Output\\ConsoleOutput))
#23 /Users/saiharshinigarapati/Desktop/laravel-react-starter-main/vendor/laravel/framework/src/Illuminate/Console/Application.php(102): Symfony\\Component\\Console\\Application->run(Object(Symfony\\Component\\Console\\Input\\ArgvInput), Object(Symfony\\Component\\Console\\Output\\ConsoleOutput))
#24 /Users/saiharshinigarapati/Desktop/laravel-react-starter-main/vendor/laravel/framework/src/Illuminate/Foundation/Console/Kernel.php(155): Illuminate\\Console\\Application->run(Object(Symfony\\Component\\Console\\Input\\ArgvInput), Object(Symfony\\Component\\Console\\Output\\ConsoleOutput))
#25 /Users/saiharshinigarapati/Desktop/laravel-react-starter-main/artisan(35): Illuminate\\Foundation\\Console\\Kernel->handle(Object(Symfony\\Component\\Console\\Input\\ArgvInput), Object(Symfony\\Component\\Console\\Output\\ConsoleOutput))
#26 {main}
"} 
[2023-12-04 16:58:03] local.ERROR: Database (/Users/saiharshinigarapati/Desktop/laravel-react-starter-main/database/database.sqlite) does not exist. (SQL: PRAGMA foreign_keys = ON;) {"exception":"[object] (Illuminate\\Database\\QueryException(code: 0): Database (/Users/saiharshinigarapati/Desktop/laravel-react-starter-main/database/database.sqlite) does not exist. (SQL: PRAGMA foreign_keys = ON;) at /Users/saiharshinigarapati/Desktop/laravel-react-starter-main/vendor/laravel/framework/src/Illuminate/Database/Connection.php:760)
[stacktrace]
#0 /Users/saiharshinigarapati/Desktop/laravel-react-starter-main/vendor/laravel/framework/src/Illuminate/Database/Connection.php(720): Illuminate\\Database\\Connection->runQueryCallback('PRAGMA foreign_...', Array, Object(Closure))
#1 /Users/saiharshinigarapati/Desktop/laravel-react-starter-main/vendor/laravel/framework/src/Illuminate/Database/Connection.php(534): Illuminate\\Database\\Connection->run('PRAGMA foreign_...', Array, Object(Closure))
#2 /Users/saiharshinigarapati/Desktop/laravel-react-starter-main/vendor/laravel/framework/src/Illuminate/Database/Schema/Builder.php(379): Illuminate\\Database\\Connection->statement('PRAGMA foreign_...')
#3 /Users/saiharshinigarapati/Desktop/laravel-react-starter-main/vendor/laravel/framework/src/Illuminate/Database/SQLiteConnection.php(35): Illuminate\\Database\\Schema\\Builder->enableForeignKeyConstraints()
#4 /Users/saiharshinigarapati/Desktop/laravel-react-starter-main/vendor/laravel/framework/src/Illuminate/Database/Connectors/ConnectionFactory.php(272): Illuminate\\Database\\SQLiteConnection->__construct(Object(Closure), '/Users/saiharsh...', '', Array)
#5 /Users/saiharshinigarapati/Desktop/laravel-react-starter-main/vendor/laravel/framework/src/Illuminate/Database/Connectors/ConnectionFactory.php(75): Illuminate\\Database\\Connectors\\ConnectionFactory->createConnection('sqlite', Object(Closure), '/Users/saiharsh...', '', Array)
#6 /Users/saiharshinigarapati/Desktop/laravel-react-starter-main/vendor/laravel/framework/src/Illuminate/Database/Connectors/ConnectionFactory.php(50): Illuminate\\Database\\Connectors\\ConnectionFactory->createSingleConnection(Array)
#7 /Users/saiharshinigarapati/Desktop/laravel-react-starter-main/vendor/laravel/framework/src/Illuminate/Database/DatabaseManager.php(145): Illuminate\\Database\\Connectors\\ConnectionFactory->make(Array, 'sqlite')
#8 /Users/saiharshinigarapati/Desktop/laravel-react-starter-main/vendor/laravel/framework/src/Illuminate/Database/DatabaseManager.php(100): Illuminate\\Database\\DatabaseManager->makeConnection('sqlite')
#9 /Users/saiharshinigarapati/Desktop/laravel-react-starter-main/vendor/laravel/framework/src/Illuminate/Database/Migrations/DatabaseMigrationRepository.php(211): Illuminate\\Database\\DatabaseManager->connection('sqlite')
#10 /Users/saiharshinigarapati/Desktop/laravel-react-starter-main/vendor/laravel/framework/src/Illuminate/Database/Migrations/DatabaseMigrationRepository.php(167): Illuminate\\Database\\Migrations\\DatabaseMigrationRepository->getConnection()
#11 /Users/saiharshinigarapati/Desktop/laravel-react-starter-main/vendor/laravel/framework/src/Illuminate/Database/Migrations/Migrator.php(682): Illuminate\\Database\\Migrations\\DatabaseMigrationRepository->repositoryExists()
#12 /Users/saiharshinigarapati/Desktop/laravel-react-starter-main/vendor/laravel/framework/src/Illuminate/Database/Console/Migrations/MigrateCommand.php(138): Illuminate\\Database\\Migrations\\Migrator->repositoryExists()
#13 /Users/saiharshinigarapati/Desktop/laravel-react-starter-main/vendor/laravel/framework/src/Illuminate/Support/helpers.php(247): Illuminate\\Database\\Console\\Migrations\\MigrateCommand->Illuminate\\Database\\Console\\Migrations\\{closure}(1)
#14 /Users/saiharshinigarapati/Desktop/laravel-react-starter-main/vendor/laravel/framework/src/Illuminate/Database/Console/Migrations/MigrateCommand.php(138): retry(1, Object(Closure), 0, Object(Closure))
#15 /Users/saiharshinigarapati/Desktop/laravel-react-starter-main/vendor/laravel/framework/src/Illuminate/Database/Console/Migrations/MigrateCommand.php(114): Illuminate\\Database\\Console\\Migrations\\MigrateCommand->repositoryExists()
#16 /Users/saiharshinigarapati/Desktop/laravel-react-starter-main/vendor/laravel/framework/src/Illuminate/Database/Console/Migrations/MigrateCommand.php(82): Illuminate\\Database\\Console\\Migrations\\MigrateCommand->prepareDatabase()
#17 /Users/saiharshinigarapati/Desktop/laravel-react-starter-main/vendor/laravel/framework/src/Illuminate/Database/Migrations/Migrator.php(615): Illuminate\\Database\\Console\\Migrations\\MigrateCommand->Illuminate\\Database\\Console\\Migrations\\{closure}()
#18 /Users/saiharshinigarapati/Desktop/laravel-react-starter-main/vendor/laravel/framework/src/Illuminate/Database/Console/Migrations/MigrateCommand.php(81): Illuminate\\Database\\Migrations\\Migrator->usingConnection(NULL, Object(Closure))
#19 /Users/saiharshinigarapati/Desktop/laravel-react-starter-main/vendor/laravel/framework/src/Illuminate/Container/BoundMethod.php(36): Illuminate\\Database\\Console\\Migrations\\MigrateCommand->handle()
#20 /Users/saiharshinigarapati/Desktop/laravel-react-starter-main/vendor/laravel/framework/src/Illuminate/Container/Util.php(41): Illuminate\\Container\\BoundMethod::Illuminate\\Container\\{closure}()
#21 /Users/saiharshinigarapati/Desktop/laravel-react-starter-main/vendor/laravel/framework/src/Illuminate/Container/BoundMethod.php(93): Illuminate\\Container\\Util::unwrapIfClosure(Object(Closure))
#22 /Users/saiharshinigarapati/Desktop/laravel-react-starter-main/vendor/laravel/framework/src/Illuminate/Container/BoundMethod.php(35): Illuminate\\Container\\BoundMethod::callBoundMethod(Object(Illuminate\\Foundation\\Application), Array, Object(Closure))
#23 /Users/saiharshinigarapati/Desktop/laravel-react-starter-main/vendor/laravel/framework/src/Illuminate/Container/Container.php(651): Illuminate\\Container\\BoundMethod::call(Object(Illuminate\\Foundation\\Application), Array, Array, NULL)
#24 /Users/saiharshinigarapati/Desktop/laravel-react-starter-main/vendor/laravel/framework/src/Illuminate/Console/Command.php(182): Illuminate\\Container\\Container->call(Array)
#25 /Users/saiharshinigarapati/Desktop/laravel-react-starter-main/vendor/symfony/console/Command/Command.php(312): Illuminate\\Console\\Command->execute(Object(Symfony\\Component\\Console\\Input\\ArgvInput), Object(Illuminate\\Console\\OutputStyle))
#26 /Users/saiharshinigarapati/Desktop/laravel-react-starter-main/vendor/laravel/framework/src/Illuminate/Console/Command.php(151): Symfony\\Component\\Console\\Command\\Command->run(Object(Symfony\\Component\\Console\\Input\\ArgvInput), Object(Illuminate\\Console\\OutputStyle))
#27 /Users/saiharshinigarapati/Desktop/laravel-react-starter-main/vendor/symfony/console/Application.php(1020): Illuminate\\Console\\Command->run(Object(Symfony\\Component\\Console\\Input\\ArgvInput), Object(Symfony\\Component\\Console\\Output\\ConsoleOutput))
#28 /Users/saiharshinigarapati/Desktop/laravel-react-starter-main/vendor/symfony/console/Application.php(312): Symfony\\Component\\Console\\Application->doRunCommand(Object(Illuminate\\Database\\Console\\Migrations\\MigrateCommand), Object(Symfony\\Component\\Console\\Input\\ArgvInput), Object(Symfony\\Component\\Console\\Output\\ConsoleOutput))
#29 /Users/saiharshinigarapati/Desktop/laravel-react-starter-main/vendor/symfony/console/Application.php(168): Symfony\\Component\\Console\\Application->doRun(Object(Symfony\\Component\\Console\\Input\\ArgvInput), Object(Symfony\\Component\\Console\\Output\\ConsoleOutput))
#30 /Users/saiharshinigarapati/Desktop/laravel-react-starter-main/vendor/laravel/framework/src/Illuminate/Console/Application.php(102): Symfony\\Component\\Console\\Application->run(Object(Symfony\\Component\\Console\\Input\\ArgvInput), Object(Symfony\\Component\\Console\\Output\\ConsoleOutput))
#31 /Users/saiharshinigarapati/Desktop/laravel-react-starter-main/vendor/laravel/framework/src/Illuminate/Foundation/Console/Kernel.php(155): Illuminate\\Console\\Application->run(Object(Symfony\\Component\\Console\\Input\\ArgvInput), Object(Symfony\\Component\\Console\\Output\\ConsoleOutput))
#32 /Users/saiharshinigarapati/Desktop/laravel-react-starter-main/artisan(35): Illuminate\\Foundation\\Console\\Kernel->handle(Object(Symfony\\Component\\Console\\Input\\ArgvInput), Object(Symfony\\Component\\Console\\Output\\ConsoleOutput))
#33 {main}

[previous exception] [object] (Illuminate\\Database\\SQLiteDatabaseDoesNotExistException(code: 0): Database (/Users/saiharshinigarapati/Desktop/laravel-react-starter-main/database/database.sqlite) does not exist. at /Users/saiharshinigarapati/Desktop/laravel-react-starter-main/vendor/laravel/framework/src/Illuminate/Database/Connectors/SQLiteConnector.php:34)
[stacktrace]
#0 /Users/saiharshinigarapati/Desktop/laravel-react-starter-main/vendor/laravel/framework/src/Illuminate/Database/Connectors/ConnectionFactory.php(221): Illuminate\\Database\\Connectors\\SQLiteConnector->connect(Array)
#1 [internal function]: Illuminate\\Database\\Connectors\\ConnectionFactory->Illuminate\\Database\\Connectors\\{closure}()
#2 /Users/saiharshinigarapati/Desktop/laravel-react-starter-main/vendor/laravel/framework/src/Illuminate/Database/Connection.php(1171): call_user_func(Object(Closure))
#3 /Users/saiharshinigarapati/Desktop/laravel-react-starter-main/vendor/laravel/framework/src/Illuminate/Database/Connection.php(539): Illuminate\\Database\\Connection->getPdo()
#4 /Users/saiharshinigarapati/Desktop/laravel-react-starter-main/vendor/laravel/framework/src/Illuminate/Database/Connection.php(753): Illuminate\\Database\\Connection->Illuminate\\Database\\{closure}('PRAGMA foreign_...', Array)
#5 /Users/saiharshinigarapati/Desktop/laravel-react-starter-main/vendor/laravel/framework/src/Illuminate/Database/Connection.php(720): Illuminate\\Database\\Connection->runQueryCallback('PRAGMA foreign_...', Array, Object(Closure))
#6 /Users/saiharshinigarapati/Desktop/laravel-react-starter-main/vendor/laravel/framework/src/Illuminate/Database/Connection.php(534): Illuminate\\Database\\Connection->run('PRAGMA foreign_...', Array, Object(Closure))
#7 /Users/saiharshinigarapati/Desktop/laravel-react-starter-main/vendor/laravel/framework/src/Illuminate/Database/Schema/Builder.php(379): Illuminate\\Database\\Connection->statement('PRAGMA foreign_...')
#8 /Users/saiharshinigarapati/Desktop/laravel-react-starter-main/vendor/laravel/framework/src/Illuminate/Database/SQLiteConnection.php(35): Illuminate\\Database\\Schema\\Builder->enableForeignKeyConstraints()
#9 /Users/saiharshinigarapati/Desktop/laravel-react-starter-main/vendor/laravel/framework/src/Illuminate/Database/Connectors/ConnectionFactory.php(272): Illuminate\\Database\\SQLiteConnection->__construct(Object(Closure), '/Users/saiharsh...', '', Array)
#10 /Users/saiharshinigarapati/Desktop/laravel-react-starter-main/vendor/laravel/framework/src/Illuminate/Database/Connectors/ConnectionFactory.php(75): Illuminate\\Database\\Connectors\\ConnectionFactory->createConnection('sqlite', Object(Closure), '/Users/saiharsh...', '', Array)
#11 /Users/saiharshinigarapati/Desktop/laravel-react-starter-main/vendor/laravel/framework/src/Illuminate/Database/Connectors/ConnectionFactory.php(50): Illuminate\\Database\\Connectors\\ConnectionFactory->createSingleConnection(Array)
#12 /Users/saiharshinigarapati/Desktop/laravel-react-starter-main/vendor/laravel/framework/src/Illuminate/Database/DatabaseManager.php(145): Illuminate\\Database\\Connectors\\ConnectionFactory->make(Array, 'sqlite')
#13 /Users/saiharshinigarapati/Desktop/laravel-react-starter-main/vendor/laravel/framework/src/Illuminate/Database/DatabaseManager.php(100): Illuminate\\Database\\DatabaseManager->makeConnection('sqlite')
#14 /Users/saiharshinigarapati/Desktop/laravel-react-starter-main/vendor/laravel/framework/src/Illuminate/Database/Migrations/DatabaseMigrationRepository.php(211): Illuminate\\Database\\DatabaseManager->connection('sqlite')
#15 /Users/saiharshinigarapati/Desktop/laravel-react-starter-main/vendor/laravel/framework/src/Illuminate/Database/Migrations/DatabaseMigrationRepository.php(167): Illuminate\\Database\\Migrations\\DatabaseMigrationRepository->getConnection()
#16 /Users/saiharshinigarapati/Desktop/laravel-react-starter-main/vendor/laravel/framework/src/Illuminate/Database/Migrations/Migrator.php(682): Illuminate\\Database\\Migrations\\DatabaseMigrationRepository->repositoryExists()
#17 /Users/saiharshinigarapati/Desktop/laravel-react-starter-main/vendor/laravel/framework/src/Illuminate/Database/Console/Migrations/MigrateCommand.php(138): Illuminate\\Database\\Migrations\\Migrator->repositoryExists()
#18 /Users/saiharshinigarapati/Desktop/laravel-react-starter-main/vendor/laravel/framework/src/Illuminate/Support/helpers.php(247): Illuminate\\Database\\Console\\Migrations\\MigrateCommand->Illuminate\\Database\\Console\\Migrations\\{closure}(1)
#19 /Users/saiharshinigarapati/Desktop/laravel-react-starter-main/vendor/laravel/framework/src/Illuminate/Database/Console/Migrations/MigrateCommand.php(138): retry(1, Object(Closure), 0, Object(Closure))
#20 /Users/saiharshinigarapati/Desktop/laravel-react-starter-main/vendor/laravel/framework/src/Illuminate/Database/Console/Migrations/MigrateCommand.php(114): Illuminate\\Database\\Console\\Migrations\\MigrateCommand->repositoryExists()
#21 /Users/saiharshinigarapati/Desktop/laravel-react-starter-main/vendor/laravel/framework/src/Illuminate/Database/Console/Migrations/MigrateCommand.php(82): Illuminate\\Database\\Console\\Migrations\\MigrateCommand->prepareDatabase()
#22 /Users/saiharshinigarapati/Desktop/laravel-react-starter-main/vendor/laravel/framework/src/Illuminate/Database/Migrations/Migrator.php(615): Illuminate\\Database\\Console\\Migrations\\MigrateCommand->Illuminate\\Database\\Console\\Migrations\\{closure}()
#23 /Users/saiharshinigarapati/Desktop/laravel-react-starter-main/vendor/laravel/framework/src/Illuminate/Database/Console/Migrations/MigrateCommand.php(81): Illuminate\\Database\\Migrations\\Migrator->usingConnection(NULL, Object(Closure))
#24 /Users/saiharshinigarapati/Desktop/laravel-react-starter-main/vendor/laravel/framework/src/Illuminate/Container/BoundMethod.php(36): Illuminate\\Database\\Console\\Migrations\\MigrateCommand->handle()
#25 /Users/saiharshinigarapati/Desktop/laravel-react-starter-main/vendor/laravel/framework/src/Illuminate/Container/Util.php(41): Illuminate\\Container\\BoundMethod::Illuminate\\Container\\{closure}()
#26 /Users/saiharshinigarapati/Desktop/laravel-react-starter-main/vendor/laravel/framework/src/Illuminate/Container/BoundMethod.php(93): Illuminate\\Container\\Util::unwrapIfClosure(Object(Closure))
#27 /Users/saiharshinigarapati/Desktop/laravel-react-starter-main/vendor/laravel/framework/src/Illuminate/Container/BoundMethod.php(35): Illuminate\\Container\\BoundMethod::callBoundMethod(Object(Illuminate\\Foundation\\Application), Array, Object(Closure))
#28 /Users/saiharshinigarapati/Desktop/laravel-react-starter-main/vendor/laravel/framework/src/Illuminate/Container/Container.php(651): Illuminate\\Container\\BoundMethod::call(Object(Illuminate\\Foundation\\Application), Array, Array, NULL)
#29 /Users/saiharshinigarapati/Desktop/laravel-react-starter-main/vendor/laravel/framework/src/Illuminate/Console/Command.php(182): Illuminate\\Container\\Container->call(Array)
#30 /Users/saiharshinigarapati/Desktop/laravel-react-starter-main/vendor/symfony/console/Command/Command.php(312): Illuminate\\Console\\Command->execute(Object(Symfony\\Component\\Console\\Input\\ArgvInput), Object(Illuminate\\Console\\OutputStyle))
#31 /Users/saiharshinigarapati/Desktop/laravel-react-starter-main/vendor/laravel/framework/src/Illuminate/Console/Command.php(151): Symfony\\Component\\Console\\Command\\Command->run(Object(Symfony\\Component\\Console\\Input\\ArgvInput), Object(Illuminate\\Console\\OutputStyle))
#32 /Users/saiharshinigarapati/Desktop/laravel-react-starter-main/vendor/symfony/console/Application.php(1020): Illuminate\\Console\\Command->run(Object(Symfony\\Component\\Console\\Input\\ArgvInput), Object(Symfony\\Component\\Console\\Output\\ConsoleOutput))
#33 /Users/saiharshinigarapati/Desktop/laravel-react-starter-main/vendor/symfony/console/Application.php(312): Symfony\\Component\\Console\\Application->doRunCommand(Object(Illuminate\\Database\\Console\\Migrations\\MigrateCommand), Object(Symfony\\Component\\Console\\Input\\ArgvInput), Object(Symfony\\Component\\Console\\Output\\ConsoleOutput))
#34 /Users/saiharshinigarapati/Desktop/laravel-react-starter-main/vendor/symfony/console/Application.php(168): Symfony\\Component\\Console\\Application->doRun(Object(Symfony\\Component\\Console\\Input\\ArgvInput), Object(Symfony\\Component\\Console\\Output\\ConsoleOutput))
#35 /Users/saiharshinigarapati/Desktop/laravel-react-starter-main/vendor/laravel/framework/src/Illuminate/Console/Application.php(102): Symfony\\Component\\Console\\Application->run(Object(Symfony\\Component\\Console\\Input\\ArgvInput), Object(Symfony\\Component\\Console\\Output\\ConsoleOutput))
#36 /Users/saiharshinigarapati/Desktop/laravel-react-starter-main/vendor/laravel/framework/src/Illuminate/Foundation/Console/Kernel.php(155): Illuminate\\Console\\Application->run(Object(Symfony\\Component\\Console\\Input\\ArgvInput), Object(Symfony\\Component\\Console\\Output\\ConsoleOutput))
#37 /Users/saiharshinigarapati/Desktop/laravel-react-starter-main/artisan(35): Illuminate\\Foundation\\Console\\Kernel->handle(Object(Symfony\\Component\\Console\\Input\\ArgvInput), Object(Symfony\\Component\\Console\\Output\\ConsoleOutput))
#38 {main}
"} 
